simple	08-Apr-2011 11:53:53	Build BEER-BEERKEY-JOB1-3 started building on agent Default Agent
simple	08-Apr-2011 11:53:53	Updating source code to revision: eecb6b7f9a24488e202574f2136fae899db0fc64
simple	08-Apr-2011 11:53:54	Fetching branch 'refs/heads/master'. Will try to do a shallow fetch.
simple	08-Apr-2011 11:53:55	Git: 
simple	08-Apr-2011 11:53:55	Checking out revision eecb6b7f9a24488e202574f2136fae899db0fc64.
simple	08-Apr-2011 11:53:55	Creating local git repository in '/Users/jwyles/Code/dvcstasks/target/bamboo/home/xml-data/build-dir/BEER-BEERKEY-JOB1/.git'.
simple	08-Apr-2011 11:53:55	Updated source code to revision: eecb6b7f9a24488e202574f2136fae899db0fc64
simple	08-Apr-2011 11:53:55	Executing build BEER-BEERKEY-JOB1-3
simple	08-Apr-2011 11:53:55	Running pre-build action: Build Number Stamper
simple	08-Apr-2011 11:53:55	Running pre-build action: Clover Grails PreBuild Action
simple	08-Apr-2011 11:53:55	Running pre-build action: VCS Version Collector
simple	08-Apr-2011 11:53:56	Running pre-build action: Repository Isolation Enabler Action
simple	08-Apr-2011 11:53:56	Running pre-build action: Maven Settings Prebuild Action
simple	08-Apr-2011 11:53:56	Starting task 1: com.atlassian.bamboo.plugins.scripttask:task.builder.script Run me some tasks
command	08-Apr-2011 11:53:56	Beginning to execute external process for build 'BUILD ME BEER - With beer - Default Job'<br /> ... running command line: /bin/sh /Users/jwyles/Code/dvcstasks/target/bamboo/home/xml-data/build-dir/BEER-BEERKEY-JOB1/Users/jwyles/build.sh<br /> ... in : /Users/jwyles/Code/dvcstasks/target/bamboo/home/xml-data/build-dir/BEER-BEERKEY-JOB1<br />
error	08-Apr-2011 11:53:56	/bin/sh: /Users/jwyles/Code/dvcstasks/target/bamboo/home/xml-data/build-dir/BEER-BEERKEY-JOB1/Users/jwyles/build.sh: No such file or directory
simple	08-Apr-2011 11:53:56	Failing task since return code was not 0
simple	08-Apr-2011 11:53:56	Finished task 1: com.atlassian.bamboo.plugins.scripttask:task.builder.script Run me some tasks
simple	08-Apr-2011 11:53:56	Running post build plugin 'Clover Results Collector'
simple	08-Apr-2011 11:53:56	Running post build plugin 'Isolated Maven Repository Cleaner'
simple	08-Apr-2011 11:53:56	Running post build plugin 'Artifact Copier'
simple	08-Apr-2011 11:53:56	Running post build plugin 'NCover Results Collector'
simple	08-Apr-2011 11:53:56	Running post build plugin 'Cleanup Build Processor'
simple	08-Apr-2011 11:53:56	Running post build plugin 'Maven2 Build Processor'
simple	08-Apr-2011 11:53:56	Finalising the build...
simple	08-Apr-2011 11:53:56	Stopping timer.
simple	08-Apr-2011 11:53:56	Build BEER-BEERKEY-JOB1-3 completed.
simple	08-Apr-2011 11:53:56	Running on server: post build plugin 'Clover Delta Calculator'
simple	08-Apr-2011 11:53:56	Running on server: post build plugin 'Build Hanging Detection Configuration'
simple	08-Apr-2011 11:53:56	Running on server: post build plugin 'NCover Results Collector'
simple	08-Apr-2011 11:53:56	All post build plugins have finished
simple	08-Apr-2011 11:53:56	Generating build results summary...
simple	08-Apr-2011 11:53:56	Saving build results to disk...
simple	08-Apr-2011 11:53:56	Indexing build results...
simple	08-Apr-2011 11:53:57	Finished building BEER-BEERKEY-JOB1-3.
