simple	08-Apr-2011 11:57:06	Build BEER-BEERKEY-JOB1-4 started building on agent Default Agent
simple	08-Apr-2011 11:57:06	Updating source code to revision: eecb6b7f9a24488e202574f2136fae899db0fc64
simple	08-Apr-2011 11:57:08	Fetching branch 'refs/heads/master'. Will try to do a shallow fetch.
simple	08-Apr-2011 11:57:08	Git: 
simple	08-Apr-2011 11:57:08	Checking out revision eecb6b7f9a24488e202574f2136fae899db0fc64.
simple	08-Apr-2011 11:57:08	Updated source code to revision: eecb6b7f9a24488e202574f2136fae899db0fc64
simple	08-Apr-2011 11:57:08	Executing build BEER-BEERKEY-JOB1-4
simple	08-Apr-2011 11:57:08	Running pre-build action: Build Number Stamper
simple	08-Apr-2011 11:57:08	Running pre-build action: Clover Grails PreBuild Action
simple	08-Apr-2011 11:57:08	Running pre-build action: VCS Version Collector
simple	08-Apr-2011 11:57:08	Running pre-build action: Repository Isolation Enabler Action
simple	08-Apr-2011 11:57:08	Running pre-build action: Maven Settings Prebuild Action
simple	08-Apr-2011 11:57:08	Starting task 1: com.atlassian.bamboo.plugins.scripttask:task.builder.script Run me some tasks
command	08-Apr-2011 11:57:08	Beginning to execute external process for build 'BUILD ME BEER - With beer - Default Job'<br /> ... running command line: /bin/sh /Users/jwyles/Code/dvcstasks/target/bamboo/home/xml-data/build-dir/BEER-BEERKEY-JOB1/build.sh<br /> ... in : /Users/jwyles/Code/dvcstasks/target/bamboo/home/xml-data/build-dir/BEER-BEERKEY-JOB1<br />
simple	08-Apr-2011 11:57:08	Finished task 1: com.atlassian.bamboo.plugins.scripttask:task.builder.script Run me some tasks
simple	08-Apr-2011 11:57:08	Running post build plugin 'Clover Results Collector'
simple	08-Apr-2011 11:57:08	Running post build plugin 'Isolated Maven Repository Cleaner'
simple	08-Apr-2011 11:57:08	Running post build plugin 'Artifact Copier'
simple	08-Apr-2011 11:57:08	Running post build plugin 'NCover Results Collector'
simple	08-Apr-2011 11:57:08	Running post build plugin 'Cleanup Build Processor'
simple	08-Apr-2011 11:57:08	Running post build plugin 'Maven2 Build Processor'
simple	08-Apr-2011 11:57:08	Finalising the build...
simple	08-Apr-2011 11:57:08	Stopping timer.
simple	08-Apr-2011 11:57:08	Build BEER-BEERKEY-JOB1-4 completed.
simple	08-Apr-2011 11:57:08	Running on server: post build plugin 'Clover Delta Calculator'
simple	08-Apr-2011 11:57:08	Running on server: post build plugin 'Build Hanging Detection Configuration'
simple	08-Apr-2011 11:57:08	Running on server: post build plugin 'NCover Results Collector'
simple	08-Apr-2011 11:57:08	All post build plugins have finished
simple	08-Apr-2011 11:57:08	Generating build results summary...
simple	08-Apr-2011 11:57:08	Saving build results to disk...
simple	08-Apr-2011 11:57:08	Indexing build results...
simple	08-Apr-2011 11:57:08	Finished building BEER-BEERKEY-JOB1-4.
