simple	08-Apr-2011 12:24:13	Build BEER-BEERKEY-JOB1-5 started building on agent Default Agent
simple	08-Apr-2011 12:24:13	Updating source code to revision: 30a1c27356e5e3fd5bc657089df014f8ccee2976
simple	08-Apr-2011 12:24:14	Fetching branch 'refs/heads/master'. Will try to do a shallow fetch.
simple	08-Apr-2011 12:24:15	Git: 
simple	08-Apr-2011 12:24:15	Checking out revision 30a1c27356e5e3fd5bc657089df014f8ccee2976.
simple	08-Apr-2011 12:24:15	Updated source code to revision: 30a1c27356e5e3fd5bc657089df014f8ccee2976
simple	08-Apr-2011 12:24:15	Executing build BEER-BEERKEY-JOB1-5
simple	08-Apr-2011 12:24:15	Running pre-build action: Build Number Stamper
simple	08-Apr-2011 12:24:15	Running pre-build action: Clover Grails PreBuild Action
simple	08-Apr-2011 12:24:15	Running pre-build action: VCS Version Collector
simple	08-Apr-2011 12:24:15	Running pre-build action: Repository Isolation Enabler Action
simple	08-Apr-2011 12:24:15	Running pre-build action: Maven Settings Prebuild Action
simple	08-Apr-2011 12:24:15	Starting task 1: com.atlassian.bamboo.plugins.scripttask:task.builder.script Run me some tasks
command	08-Apr-2011 12:24:15	Beginning to execute external process for build 'BUILD ME BEER - With beer - Default Job'<br /> ... running command line: /bin/sh /Users/jwyles/Code/dvcstasks/target/bamboo/home/xml-data/build-dir/BEER-BEERKEY-JOB1/build.sh<br /> ... in : /Users/jwyles/Code/dvcstasks/target/bamboo/home/xml-data/build-dir/BEER-BEERKEY-JOB1<br />
simple	08-Apr-2011 12:24:15	Finished task 1: com.atlassian.bamboo.plugins.scripttask:task.builder.script Run me some tasks
simple	08-Apr-2011 12:24:15	Running post build plugin 'Clover Results Collector'
simple	08-Apr-2011 12:24:15	Running post build plugin 'Isolated Maven Repository Cleaner'
simple	08-Apr-2011 12:24:15	Running post build plugin 'Artifact Copier'
simple	08-Apr-2011 12:24:15	Running post build plugin 'NCover Results Collector'
simple	08-Apr-2011 12:24:15	Running post build plugin 'Cleanup Build Processor'
simple	08-Apr-2011 12:24:15	Running post build plugin 'Maven2 Build Processor'
simple	08-Apr-2011 12:24:15	Finalising the build...
simple	08-Apr-2011 12:24:15	Stopping timer.
simple	08-Apr-2011 12:24:15	Build BEER-BEERKEY-JOB1-5 completed.
simple	08-Apr-2011 12:24:15	Running on server: post build plugin 'Clover Delta Calculator'
simple	08-Apr-2011 12:24:15	Running on server: post build plugin 'Build Hanging Detection Configuration'
simple	08-Apr-2011 12:24:15	Running on server: post build plugin 'NCover Results Collector'
simple	08-Apr-2011 12:24:15	All post build plugins have finished
simple	08-Apr-2011 12:24:15	Generating build results summary...
simple	08-Apr-2011 12:24:15	Saving build results to disk...
simple	08-Apr-2011 12:24:15	Indexing build results...
simple	08-Apr-2011 12:24:15	Finished building BEER-BEERKEY-JOB1-5.
